<?xml version="1.0" encoding="UTF-8"?>
<robot generator="Robot 5.0.1 (Python 3.10.4 on win32)" generated="20220522 01:24:21.519" rpa="false" schemaversion="3">
<suite id="s1" name="Test2" source="C:\Users\VimalRaj\PycharmProjects\pythonProject1\test2.robot">
<test id="s1-t1" name="Exceltest" line="12">
<status status="FAIL" starttime="20220522 01:24:21.690" endtime="20220522 01:24:21.690">Test contains no keywords.</status>
</test>
<status status="FAIL" starttime="20220522 01:24:21.519" endtime="20220522 01:24:21.690"/>
</suite>
<statistics>
<total>
<stat pass="0" fail="1" skip="0">All Tests</stat>
</total>
<tag>
</tag>
<suite>
<stat pass="0" fail="1" skip="0" id="s1" name="Test2">Test2</stat>
</suite>
</statistics>
<errors>
<msg timestamp="20220522 01:24:21.519" level="ERROR">Error in file 'C:\Users\VimalRaj\PycharmProjects\pythonProject1\test2.robot' on line 22: Creating keyword 'Watappsmess' failed: Invalid argument specification: Invalid argument syntax '${Mobilno} ${Status}'.</msg>
<msg timestamp="20220522 01:24:21.675" level="ERROR">Error in file 'C:\Users\VimalRaj\PycharmProjects\pythonProject1\test2.robot' on line 6: Importing library 'DataDriver ../testdata/Testwatapp.xlsx sheet_name=Sheet1' failed: ModuleNotFoundError: No module named 'DataDriver '
Traceback (most recent call last):
  None
PYTHONPATH:
  C:\Users\VimalRaj\PycharmProjects\pythonProject1\venv\Scripts\robot.exe
  C:\Python310\python310.zip
  C:\Python310\DLLs
  C:\Python310\lib
  C:\Python310
  C:\Users\VimalRaj\PycharmProjects\pythonProject1\venv
  C:\Users\VimalRaj\PycharmProjects\pythonProject1\venv\lib\site-packages
  C:\Users\VimalRaj\PycharmProjects\pythonProject1\venv\lib\site-packages\win32
  C:\Users\VimalRaj\PycharmProjects\pythonProject1\venv\lib\site-packages\win32\lib
  C:\Users\VimalRaj\PycharmProjects\pythonProject1\venv\lib\site-packages\Pythonwin</msg>
</errors>
</robot>
